

Start APRSPUSH V1.0
==============================
Program Version: Sat Sep  2 02:31:25 2017

Date:  2017-09-02 17:30:07.570157 UTC on SERVER: CASADOUBUNTU Process ID: 21912
Time now is:  2017-09-02 19:30:07.570192  Local time
Hostname: CASADOUBUNTU  and config file:  /etc/local/APRSconfig.ini
Config.ini sections: [u'server', u'APRS', u'location']
Config server values: MySQL= True localhost ogn ogn APRSLOG /nfs/OGN/SWdata/
Config APRS values: localhost 14580 aprs.glidernet.org False FAIaprsH 32760 filter r/+39.71/-3.31/650  
 
Config location : Lillo +39.71 -3.31 SPIDER= True SPOT= True CAPTURS= False LT24= True SKYLINE= False OGNT= True
MySQL: Database: APRSLOG  at Host: localhost
Socket sock connected
APRS login: user APRSPUSH pass 25596 vers APRSPUSH V1.0 

APRS Version: # aprsc 2.1.4-g408ed49

APRS Login reply: # logresp APRSPUSH verified, server SPAINOGN

libfap_init
LT24 login: 25387 acasado
0 ---> Initial TTime: 2017-09-02T17:25:09Z Unix time: 1504373109 UTC: 2017-09-02T17:30:09.860509
SPIDPOS : HBEAT 2017-09-02T17:26:48Z
SPIDPOS : HBEAT 2017-09-02T17:28:42Z
1 ---> SPIDER TTime: 2017-09-02T17:28:42Z SPOT Unix time: 1504373109 172509 Tcapt 173009 Tskyl 173009 LT24 Unix time 172510 UTC Now: 2017-09-02T17:30:28.957180
2 ---> SPIDER TTime: 2017-09-02T17:28:42Z SPOT Unix time: 1504373109 172509 Tcapt 173038 Tskyl 173038 LT24 Unix time 172511 UTC Now: 2017-09-02T17:30:41.137710
3 ---> SPIDER TTime: 2017-09-02T17:28:42Z SPOT Unix time: 1504373109 172509 Tcapt 173051 Tskyl 173051 LT24 Unix time 172512 UTC Now: 2017-09-02T17:30:53.388492
4 ---> SPIDER TTime: 2017-09-02T17:28:42Z SPOT Unix time: 1504373109 172509 Tcapt 173103 Tskyl 173103 LT24 Unix time 172513 UTC Now: 2017-09-02T17:31:05.625878
5 ---> SPIDER TTime: 2017-09-02T17:28:42Z SPOT Unix time: 1504373109 172509 Tcapt 173115 Tskyl 173115 LT24 Unix time 172514 UTC Now: 2017-09-02T17:31:19.699633
6 ---> SPIDER TTime: 2017-09-02T17:28:42Z SPOT Unix time: 1504373109 172509 Tcapt 173129 Tskyl 173129 LT24 Unix time 172515 UTC Now: 2017-09-02T17:31:34.505851
7 ---> SPIDER TTime: 2017-09-02T17:28:42Z SPOT Unix time: 1504373109 172509 Tcapt 173144 Tskyl 173144 LT24 Unix time 172516 UTC Now: 2017-09-02T17:31:46.727073
8 ---> SPIDER TTime: 2017-09-02T17:28:42Z SPOT Unix time: 1504373109 172509 Tcapt 173156 Tskyl 173156 LT24 Unix time 172517 UTC Now: 2017-09-02T17:32:01.864946
9 ---> SPIDER TTime: 2017-09-02T17:28:42Z SPOT Unix time: 1504373109 172509 Tcapt 173211 Tskyl 173211 LT24 Unix time 172518 UTC Now: 2017-09-02T17:32:15.963959
10 ---> SPIDER TTime: 2017-09-02T17:28:42Z SPOT Unix time: 1504373109 172509 Tcapt 173225 Tskyl 173225 LT24 Unix time 172519 UTC Now: 2017-09-02T17:32:29.106885
11 ---> SPIDER TTime: 2017-09-02T17:28:42Z SPOT Unix time: 1504373109 172509 Tcapt 173239 Tskyl 173239 LT24 Unix time 172520 UTC Now: 2017-09-02T17:32:41.192671
12 ---> SPIDER TTime: 2017-09-02T17:28:42Z SPOT Unix time: 1504373109 172509 Tcapt 173251 Tskyl 173251 LT24 Unix time 172521 UTC Now: 2017-09-02T17:32:53.400583
13 ---> SPIDER TTime: 2017-09-02T17:28:42Z SPOT Unix time: 1504373109 172509 Tcapt 173303 Tskyl 173303 LT24 Unix time 172522 UTC Now: 2017-09-02T17:33:05.534555
14 ---> SPIDER TTime: 2017-09-02T17:28:42Z SPOT Unix time: 1504373109 172509 Tcapt 173315 Tskyl 173315 LT24 Unix time 172523 UTC Now: 2017-09-02T17:33:17.588788
got SIGTERM ... shutdown orderly
Shutdown now, Time now: 2017-09-02 19:33:27.818868  Local time.
